#
# There is insufficient memory for the Java Runtime Environment to continue.
# Native memory allocation (malloc) failed to allocate 189776 bytes for Chunk::new
# Possible reasons:
#   The system is out of physical RAM or swap space
#   The process is running with CompressedOops enabled, and the Java Heap may be blocking the growth of the native heap
# Possible solutions:
#   Reduce memory load on the system
#   Increase physical memory or swap space
#   Check if swap backing store is full
#   Decrease Java heap size (-Xmx/-Xms)
#   Decrease number of Java threads
#   Decrease Java thread stack sizes (-Xss)
#   Set larger code cache with -XX:ReservedCodeCacheSize=
#   JVM is running with Unscaled Compressed Oops mode in which the Java heap is
#     placed in the first 4GB address space. The Java Heap base address is the
#     maximum limit for the native heap growth. Please use -XX:HeapBaseMinAddress
#     to set the Java Heap base and to place the Java Heap above 4GB virtual address.
# This output file may be truncated or incomplete.
#
#  Out of Memory Error (./open/src/hotspot/share/memory/arena.cpp:197), pid=38908, tid=11120
#
# JRE version: Java(TM) SE Runtime Environment 18.9 (11.0.12+8) (build 11.0.12+8-LTS-237)
# Java VM: Java HotSpot(TM) 64-Bit Server VM 18.9 (11.0.12+8-LTS-237, mixed mode, tiered, compressed oops, g1 gc, windows-amd64)
# No core dump will be written. Minidumps are not enabled by default on client versions of Windows
#

---------------  S U M M A R Y ------------

Command Line: -ea -Duser.language=en -Didea.test.cyclic.buffer.size=1048576 -javaagent:C:\Program Files\JetBrains\IntelliJ IDEA 2022.3\lib\idea_rt.jar=57583:C:\Program Files\JetBrains\IntelliJ IDEA 2022.3\bin -Dfile.encoding=UTF-8 com.intellij.rt.junit.JUnitStarter -ideVersion5 -junit5 com.cydeo.Day_6.spartanPojoGetRequestTest,oneSapartanPojo

Host: 11th Gen Intel(R) Core(TM) i5-1135G7 @ 2.40GHz, 8 cores, 7G,  Windows 10 , 64 bit Build 22000 (10.0.22000.1516)
Time: Wed Apr  5 16:21:30 2023 Türkiye Standart Saati elapsed time: 1.165981 seconds (0d 0h 0m 1s)

---------------  T H R E A D  ---------------

Current thread (0x000002077bcff800):  JavaThread "C2 CompilerThread1" daemon [_thread_in_native, id=11120, stack(0x000000c022800000,0x000000c022900000)]


Current CompileTask:
C2:   1166 1364       4       java.util.jar.JarFile::getEntry (22 bytes)

Stack: [0x000000c022800000,0x000000c022900000]
Native frames: (J=compiled Java code, j=interpreted, Vv=VM code, C=native code)
V  [jvm.dll+0x617d9a]
V  [jvm.dll+0x74eeef]
V  [jvm.dll+0x750599]
V  [jvm.dll+0x750c23]
V  [jvm.dll+0x2438d8]
V  [jvm.dll+0xba6dc]
V  [jvm.dll+0xbac9c]
V  [jvm.dll+0x2b4564]
V  [jvm.dll+0x52cc86]
V  [jvm.dll+0x20515d]
V  [jvm.dll+0x1ff15a]
V  [jvm.dll+0x1fc1ca]
V  [jvm.dll+0x17f18c]
V  [jvm.dll+0x20b87c]
V  [jvm.dll+0x20997b]
V  [jvm.dll+0x716359]
V  [jvm.dll+0x70f064]
V  [jvm.dll+0x616f66]
C  [ucrtbase.dll+0x26c0c]
C  [KERNEL32.DLL+0x155a0]
C  [ntdll.dll+0x485b]


---------------  P R O C E S S  ---------------

Threads class SMR info:
_java_thread_list=0x000002077bd9aeb0, length=12, elements={
0x000002075a687000, 0x000002077b2d2000, 0x000002077b2d3800, 0x000002077bb58800,
0x000002077bb5a000, 0x000002077bb5f000, 0x000002077bb60800, 0x000002077bb65800,
0x000002077bb67800, 0x000002077bcd8800, 0x000002077bcff800, 0x000002077beb4800
}

Java Threads: ( => current thread )
  0x000002075a687000 JavaThread "main" [_thread_in_vm, id=28112, stack(0x000000c021800000,0x000000c021900000)]
  0x000002077b2d2000 JavaThread "Reference Handler" daemon [_thread_blocked, id=20192, stack(0x000000c021f00000,0x000000c022000000)]
  0x000002077b2d3800 JavaThread "Finalizer" daemon [_thread_blocked, id=7972, stack(0x000000c022000000,0x000000c022100000)]
  0x000002077bb58800 JavaThread "Signal Dispatcher" daemon [_thread_blocked, id=43196, stack(0x000000c022100000,0x000000c022200000)]
  0x000002077bb5a000 JavaThread "Attach Listener" daemon [_thread_blocked, id=48836, stack(0x000000c022200000,0x000000c022300000)]
  0x000002077bb5f000 JavaThread "Service Thread" daemon [_thread_blocked, id=27380, stack(0x000000c022300000,0x000000c022400000)]
  0x000002077bb60800 JavaThread "C2 CompilerThread0" daemon [_thread_blocked, id=19476, stack(0x000000c022400000,0x000000c022500000)]
  0x000002077bb65800 JavaThread "C1 CompilerThread0" daemon [_thread_blocked, id=14824, stack(0x000000c022500000,0x000000c022600000)]
  0x000002077bb67800 JavaThread "Sweeper thread" daemon [_thread_blocked, id=30548, stack(0x000000c022600000,0x000000c022700000)]
  0x000002077bcd8800 JavaThread "Common-Cleaner" daemon [_thread_blocked, id=12760, stack(0x000000c022700000,0x000000c022800000)]
=>0x000002077bcff800 JavaThread "C2 CompilerThread1" daemon [_thread_in_native, id=11120, stack(0x000000c022800000,0x000000c022900000)]
  0x000002077beb4800 JavaThread "Monitor Ctrl-Break" daemon [_thread_in_native, id=16192, stack(0x000000c022900000,0x000000c022a00000)]

Other Threads:
  0x000002077b2f8800 VMThread "VM Thread" [stack: 0x000000c021e00000,0x000000c021f00000] [id=41608]
  0x000002077beb9000 WatcherThread [stack: 0x000000c022a00000,0x000000c022b00000] [id=17468]
  0x000002075a69a800 GCTaskThread "GC Thread#0" [stack: 0x000000c021900000,0x000000c021a00000] [id=25732]
  0x000002077cb2b800 GCTaskThread "GC Thread#1" [stack: 0x000000c022b00000,0x000000c022c00000] [id=24824]
  0x000002077cb2c800 GCTaskThread "GC Thread#2" [stack: 0x000000c022c00000,0x000000c022d00000] [id=45244]
  0x000002075a6cb800 ConcurrentGCThread "G1 Main Marker" [stack: 0x000000c021a00000,0x000000c021b00000] [id=17568]
  0x000002075a6ce800 ConcurrentGCThread "G1 Conc#0" [stack: 0x000000c021b00000,0x000000c021c00000] [id=49952]
  0x000002077b137800 ConcurrentGCThread "G1 Refine#0" [stack: 0x000000c021c00000,0x000000c021d00000] [id=22152]
  0x000002077b13a800 ConcurrentGCThread "G1 Young RemSet Sampling" [stack: 0x000000c021d00000,0x000000c021e00000] [id=20024]

Threads with active compile tasks:
C2 CompilerThread1   1192 1364       4       java.util.jar.JarFile::getEntry (22 bytes)

VM state:not at safepoint (normal execution)

VM Mutex/Monitor currently owned by a thread: None

Heap address: 0x0000000083200000, size: 1998 MB, Compressed Oops mode: 32-bit
Narrow klass base: 0x0000000000000000, Narrow klass shift: 3
Compressed class space size: 1073741824 Address: 0x0000000100000000

Heap:
 garbage-first heap   total 129024K, used 8984K [0x0000000083200000, 0x0000000100000000)
  region size 1024K, 5 young (5120K), 3 survivors (3072K)
 Metaspace       used 15353K, capacity 15926K, committed 16000K, reserved 1062912K
  class space    used 1611K, capacity 1852K, committed 1920K, reserved 1048576K
Heap Regions: E=young(eden), S=young(survivor), O=old, HS=humongous(starts), HC=humongous(continues), CS=collection set, F=free, A=archive, TAMS=top-at-mark-start (previous, next)
|   0|0x0000000083200000, 0x0000000083300000, 0x0000000083300000|100%|HS|  |TAMS 0x0000000083200000, 0x0000000083200000| Complete 
|   1|0x0000000083300000, 0x0000000083400000, 0x0000000083400000|100%| O|  |TAMS 0x0000000083300000, 0x0000000083300000| Untracked 
|   2|0x0000000083400000, 0x0000000083500000, 0x0000000083500000|100%| O|  |TAMS 0x0000000083400000, 0x0000000083400000| Untracked 
|   3|0x0000000083500000, 0x0000000083600000, 0x0000000083600000|100%| O|  |TAMS 0x0000000083500000, 0x0000000083500000| Untracked 
|   4|0x0000000083600000, 0x00000000836c6000, 0x0000000083700000| 77%| O|  |TAMS 0x0000000083600000, 0x0000000083600000| Untracked 
|   5|0x0000000083700000, 0x0000000083700000, 0x0000000083800000|  0%| F|  |TAMS 0x0000000083700000, 0x0000000083700000| Untracked 
|   6|0x0000000083800000, 0x0000000083800000, 0x0000000083900000|  0%| F|  |TAMS 0x0000000083800000, 0x0000000083800000| Untracked 
|   7|0x0000000083900000, 0x0000000083900000, 0x0000000083a00000|  0%| F|  |TAMS 0x0000000083900000, 0x0000000083900000| Untracked 
|   8|0x0000000083a00000, 0x0000000083a00000, 0x0000000083b00000|  0%| F|  |TAMS 0x0000000083a00000, 0x0000000083a00000| Untracked 
|   9|0x0000000083b00000, 0x0000000083b00000, 0x0000000083c00000|  0%| F|  |TAMS 0x0000000083b00000, 0x0000000083b00000| Untracked 
|  10|0x0000000083c00000, 0x0000000083c00000, 0x0000000083d00000|  0%| F|  |TAMS 0x0000000083c00000, 0x0000000083c00000| Untracked 
|  11|0x0000000083d00000, 0x0000000083d00000, 0x0000000083e00000|  0%| F|  |TAMS 0x0000000083d00000, 0x0000000083d00000| Untracked 
|  12|0x0000000083e00000, 0x0000000083e00000, 0x0000000083f00000|  0%| F|  |TAMS 0x0000000083e00000, 0x0000000083e00000| Untracked 
|  13|0x0000000083f00000, 0x0000000083f00000, 0x0000000084000000|  0%| F|  |TAMS 0x0000000083f00000, 0x0000000083f00000| Untracked 
|  14|0x0000000084000000, 0x0000000084000000, 0x0000000084100000|  0%| F|  |TAMS 0x0000000084000000, 0x0000000084000000| Untracked 
|  15|0x0000000084100000, 0x0000000084100000, 0x0000000084200000|  0%| F|  |TAMS 0x0000000084100000, 0x0000000084100000| Untracked 
|  16|0x0000000084200000, 0x0000000084200000, 0x0000000084300000|  0%| F|  |TAMS 0x0000000084200000, 0x0000000084200000| Untracked 
|  17|0x0000000084300000, 0x0000000084300000, 0x0000000084400000|  0%| F|  |TAMS 0x0000000084300000, 0x0000000084300000| Untracked 
|  18|0x0000000084400000, 0x0000000084400000, 0x0000000084500000|  0%| F|  |TAMS 0x0000000084400000, 0x0000000084400000| Untracked 
|  19|0x0000000084500000, 0x0000000084500000, 0x0000000084600000|  0%| F|  |TAMS 0x0000000084500000, 0x0000000084500000| Untracked 
|  20|0x0000000084600000, 0x0000000084600000, 0x0000000084700000|  0%| F|  |TAMS 0x0000000084600000, 0x0000000084600000| Untracked 
|  21|0x0000000084700000, 0x0000000084700000, 0x0000000084800000|  0%| F|  |TAMS 0x0000000084700000, 0x0000000084700000| Untracked 
|  22|0x0000000084800000, 0x0000000084800000, 0x0000000084900000|  0%| F|  |TAMS 0x0000000084800000, 0x0000000084800000| Untracked 
|  23|0x0000000084900000, 0x0000000084900000, 0x0000000084a00000|  0%| F|  |TAMS 0x0000000084900000, 0x0000000084900000| Untracked 
|  24|0x0000000084a00000, 0x0000000084a00000, 0x0000000084b00000|  0%| F|  |TAMS 0x0000000084a00000, 0x0000000084a00000| Untracked 
|  25|0x0000000084b00000, 0x0000000084b00000, 0x0000000084c00000|  0%| F|  |TAMS 0x0000000084b00000, 0x0000000084b00000| Untracked 
|  26|0x0000000084c00000, 0x0000000084c00000, 0x0000000084d00000|  0%| F|  |TAMS 0x0000000084c00000, 0x0000000084c00000| Untracked 
|  27|0x0000000084d00000, 0x0000000084d00000, 0x0000000084e00000|  0%| F|  |TAMS 0x0000000084d00000, 0x0000000084d00000| Untracked 
|  28|0x0000000084e00000, 0x0000000084e00000, 0x0000000084f00000|  0%| F|  |TAMS 0x0000000084e00000, 0x0000000084e00000| Untracked 
|  29|0x0000000084f00000, 0x0000000084f00000, 0x0000000085000000|  0%| F|  |TAMS 0x0000000084f00000, 0x0000000084f00000| Untracked 
|  30|0x0000000085000000, 0x0000000085000000, 0x0000000085100000|  0%| F|  |TAMS 0x0000000085000000, 0x0000000085000000| Untracked 
|  31|0x0000000085100000, 0x0000000085100000, 0x0000000085200000|  0%| F|  |TAMS 0x0000000085100000, 0x0000000085100000| Untracked 
|  32|0x0000000085200000, 0x0000000085200000, 0x0000000085300000|  0%| F|  |TAMS 0x0000000085200000, 0x0000000085200000| Untracked 
|  33|0x0000000085300000, 0x0000000085300000, 0x0000000085400000|  0%| F|  |TAMS 0x0000000085300000, 0x0000000085300000| Untracked 
|  34|0x0000000085400000, 0x0000000085400000, 0x0000000085500000|  0%| F|  |TAMS 0x0000000085400000, 0x0000000085400000| Untracked 
|  35|0x0000000085500000, 0x0000000085500000, 0x0000000085600000|  0%| F|  |TAMS 0x0000000085500000, 0x0000000085500000| Untracked 
|  36|0x0000000085600000, 0x0000000085600000, 0x0000000085700000|  0%| F|  |TAMS 0x0000000085600000, 0x0000000085600000| Untracked 
|  37|0x0000000085700000, 0x0000000085700000, 0x0000000085800000|  0%| F|  |TAMS 0x0000000085700000, 0x0000000085700000| Untracked 
|  38|0x0000000085800000, 0x0000000085800000, 0x0000000085900000|  0%| F|  |TAMS 0x0000000085800000, 0x0000000085800000| Untracked 
|  39|0x0000000085900000, 0x0000000085900000, 0x0000000085a00000|  0%| F|  |TAMS 0x0000000085900000, 0x0000000085900000| Untracked 
|  40|0x0000000085a00000, 0x0000000085a00000, 0x0000000085b00000|  0%| F|  |TAMS 0x0000000085a00000, 0x0000000085a00000| Untracked 
|  41|0x0000000085b00000, 0x0000000085b00000, 0x0000000085c00000|  0%| F|  |TAMS 0x0000000085b00000, 0x0000000085b00000| Untracked 
|  42|0x0000000085c00000, 0x0000000085c00000, 0x0000000085d00000|  0%| F|  |TAMS 0x0000000085c00000, 0x0000000085c00000| Untracked 
|  43|0x0000000085d00000, 0x0000000085d00000, 0x0000000085e00000|  0%| F|  |TAMS 0x0000000085d00000, 0x0000000085d00000| Untracked 
|  44|0x0000000085e00000, 0x0000000085e00000, 0x0000000085f00000|  0%| F|  |TAMS 0x0000000085e00000, 0x0000000085e00000| Untracked 
|  45|0x0000000085f00000, 0x0000000085f00000, 0x0000000086000000|  0%| F|  |TAMS 0x0000000085f00000, 0x0000000085f00000| Untracked 
|  46|0x0000000086000000, 0x0000000086000000, 0x0000000086100000|  0%| F|  |TAMS 0x0000000086000000, 0x0000000086000000| Untracked 
|  47|0x0000000086100000, 0x0000000086100000, 0x0000000086200000|  0%| F|  |TAMS 0x0000000086100000, 0x0000000086100000| Untracked 
|  48|0x0000000086200000, 0x0000000086200000, 0x0000000086300000|  0%| F|  |TAMS 0x0000000086200000, 0x0000000086200000| Untracked 
|  49|0x0000000086300000, 0x0000000086300000, 0x0000000086400000|  0%| F|  |TAMS 0x0000000086300000, 0x0000000086300000| Untracked 
|  50|0x0000000086400000, 0x0000000086400000, 0x0000000086500000|  0%| F|  |TAMS 0x0000000086400000, 0x0000000086400000| Untracked 
|  51|0x0000000086500000, 0x0000000086500000, 0x0000000086600000|  0%| F|  |TAMS 0x0000000086500000, 0x0000000086500000| Untracked 
|  52|0x0000000086600000, 0x0000000086600000, 0x0000000086700000|  0%| F|  |TAMS 0x0000000086600000, 0x0000000086600000| Untracked 
|  53|0x0000000086700000, 0x0000000086700000, 0x0000000086800000|  0%| F|  |TAMS 0x0000000086700000, 0x0000000086700000| Untracked 
|  54|0x0000000086800000, 0x0000000086800000, 0x0000000086900000|  0%| F|  |TAMS 0x0000000086800000, 0x0000000086800000| Untracked 
|  55|0x0000000086900000, 0x0000000086900000, 0x0000000086a00000|  0%| F|  |TAMS 0x0000000086900000, 0x0000000086900000| Untracked 
|  56|0x0000000086a00000, 0x0000000086a00000, 0x0000000086b00000|  0%| F|  |TAMS 0x0000000086a00000, 0x0000000086a00000| Untracked 
|  57|0x0000000086b00000, 0x0000000086b00000, 0x0000000086c00000|  0%| F|  |TAMS 0x0000000086b00000, 0x0000000086b00000| Untracked 
|  58|0x0000000086c00000, 0x0000000086c00000, 0x0000000086d00000|  0%| F|  |TAMS 0x0000000086c00000, 0x0000000086c00000| Untracked 
|  59|0x0000000086d00000, 0x0000000086d00000, 0x0000000086e00000|  0%| F|  |TAMS 0x0000000086d00000, 0x0000000086d00000| Untracked 
|  60|0x0000000086e00000, 0x0000000086e00000, 0x0000000086f00000|  0%| F|  |TAMS 0x0000000086e00000, 0x0000000086e00000| Untracked 
|  61|0x0000000086f00000, 0x0000000086f00000, 0x0000000087000000|  0%| F|  |TAMS 0x0000000086f00000, 0x0000000086f00000| Untracked 
|  62|0x0000000087000000, 0x0000000087000000, 0x0000000087100000|  0%| F|  |TAMS 0x0000000087000000, 0x0000000087000000| Untracked 
|  63|0x0000000087100000, 0x0000000087100000, 0x0000000087200000|  0%| F|  |TAMS 0x0000000087100000, 0x0000000087100000| Untracked 
|  64|0x0000000087200000, 0x0000000087200000, 0x0000000087300000|  0%| F|  |TAMS 0x0000000087200000, 0x0000000087200000| Untracked 
|  65|0x0000000087300000, 0x0000000087300000, 0x0000000087400000|  0%| F|  |TAMS 0x0000000087300000, 0x0000000087300000| Untracked 
|  66|0x0000000087400000, 0x0000000087400000, 0x0000000087500000|  0%| F|  |TAMS 0x0000000087400000, 0x0000000087400000| Untracked 
|  67|0x0000000087500000, 0x0000000087500000, 0x0000000087600000|  0%| F|  |TAMS 0x0000000087500000, 0x0000000087500000| Untracked 
|  68|0x0000000087600000, 0x0000000087600000, 0x0000000087700000|  0%| F|  |TAMS 0x0000000087600000, 0x0000000087600000| Untracked 
|  69|0x0000000087700000, 0x0000000087700000, 0x0000000087800000|  0%| F|  |TAMS 0x0000000087700000, 0x0000000087700000| Untracked 
|  70|0x0000000087800000, 0x0000000087800000, 0x0000000087900000|  0%| F|  |TAMS 0x0000000087800000, 0x0000000087800000| Untracked 
|  71|0x0000000087900000, 0x0000000087900000, 0x0000000087a00000|  0%| F|  |TAMS 0x0000000087900000, 0x0000000087900000| Untracked 
|  72|0x0000000087a00000, 0x0000000087a00000, 0x0000000087b00000|  0%| F|  |TAMS 0x0000000087a00000, 0x0000000087a00000| Untracked 
|  73|0x0000000087b00000, 0x0000000087b00000, 0x0000000087c00000|  0%| F|  |TAMS 0x0000000087b00000, 0x0000000087b00000| Untracked 
|  74|0x0000000087c00000, 0x0000000087c00000, 0x0000000087d00000|  0%| F|  |TAMS 0x0000000087c00000, 0x0000000087c00000| Untracked 
|  75|0x0000000087d00000, 0x0000000087d00000, 0x0000000087e00000|  0%| F|  |TAMS 0x0000000087d00000, 0x0000000087d00000| Untracked 
|  76|0x0000000087e00000, 0x0000000087e00000, 0x0000000087f00000|  0%| F|  |TAMS 0x0000000087e00000, 0x0000000087e00000| Untracked 
|  77|0x0000000087f00000, 0x0000000087f00000, 0x0000000088000000|  0%| F|  |TAMS 0x0000000087f00000, 0x0000000087f00000| Untracked 
|  78|0x0000000088000000, 0x0000000088000000, 0x0000000088100000|  0%| F|  |TAMS 0x0000000088000000, 0x0000000088000000| Untracked 
|  79|0x0000000088100000, 0x0000000088100000, 0x0000000088200000|  0%| F|  |TAMS 0x0000000088100000, 0x0000000088100000| Untracked 
|  80|0x0000000088200000, 0x0000000088200000, 0x0000000088300000|  0%| F|  |TAMS 0x0000000088200000, 0x0000000088200000| Untracked 
|  81|0x0000000088300000, 0x0000000088300000, 0x0000000088400000|  0%| F|  |TAMS 0x0000000088300000, 0x0000000088300000| Untracked 
|  82|0x0000000088400000, 0x0000000088400000, 0x0000000088500000|  0%| F|  |TAMS 0x0000000088400000, 0x0000000088400000| Untracked 
|  83|0x0000000088500000, 0x0000000088500000, 0x0000000088600000|  0%| F|  |TAMS 0x0000000088500000, 0x0000000088500000| Untracked 
|  84|0x0000000088600000, 0x0000000088600000, 0x0000000088700000|  0%| F|  |TAMS 0x0000000088600000, 0x0000000088600000| Untracked 
|  85|0x0000000088700000, 0x0000000088700000, 0x0000000088800000|  0%| F|  |TAMS 0x0000000088700000, 0x0000000088700000| Untracked 
|  86|0x0000000088800000, 0x0000000088800000, 0x0000000088900000|  0%| F|  |TAMS 0x0000000088800000, 0x0000000088800000| Untracked 
|  87|0x0000000088900000, 0x0000000088900000, 0x0000000088a00000|  0%| F|  |TAMS 0x0000000088900000, 0x0000000088900000| Untracked 
|  88|0x0000000088a00000, 0x0000000088a00000, 0x0000000088b00000|  0%| F|  |TAMS 0x0000000088a00000, 0x0000000088a00000| Untracked 
|  89|0x0000000088b00000, 0x0000000088b00000, 0x0000000088c00000|  0%| F|  |TAMS 0x0000000088b00000, 0x0000000088b00000| Untracked 
|  90|0x0000000088c00000, 0x0000000088c00000, 0x0000000088d00000|  0%| F|  |TAMS 0x0000000088c00000, 0x0000000088c00000| Untracked 
|  91|0x0000000088d00000, 0x0000000088d00000, 0x0000000088e00000|  0%| F|  |TAMS 0x0000000088d00000, 0x0000000088d00000| Untracked 
|  92|0x0000000088e00000, 0x0000000088e00000, 0x0000000088f00000|  0%| F|  |TAMS 0x0000000088e00000, 0x0000000088e00000| Untracked 
|  93|0x0000000088f00000, 0x0000000088f00000, 0x0000000089000000|  0%| F|  |TAMS 0x0000000088f00000, 0x0000000088f00000| Untracked 
|  94|0x0000000089000000, 0x0000000089000000, 0x0000000089100000|  0%| F|  |TAMS 0x0000000089000000, 0x0000000089000000| Untracked 
|  95|0x0000000089100000, 0x0000000089100000, 0x0000000089200000|  0%| F|  |TAMS 0x0000000089100000, 0x0000000089100000| Untracked 
|  96|0x0000000089200000, 0x0000000089200000, 0x0000000089300000|  0%| F|  |TAMS 0x0000000089200000, 0x0000000089200000| Untracked 
|  97|0x0000000089300000, 0x0000000089300000, 0x0000000089400000|  0%| F|  |TAMS 0x0000000089300000, 0x0000000089300000| Untracked 
|  98|0x0000000089400000, 0x0000000089400000, 0x0000000089500000|  0%| F|  |TAMS 0x0000000089400000, 0x0000000089400000| Untracked 
|  99|0x0000000089500000, 0x0000000089600000, 0x0000000089600000|100%| S|CS|TAMS 0x0000000089500000, 0x0000000089500000| Complete 
| 100|0x0000000089600000, 0x0000000089700000, 0x0000000089700000|100%| S|CS|TAMS 0x0000000089600000, 0x0000000089600000| Complete 
| 101|0x0000000089700000, 0x0000000089800000, 0x0000000089800000|100%| S|CS|TAMS 0x0000000089700000, 0x0000000089700000| Complete 
| 102|0x0000000089800000, 0x0000000089800000, 0x0000000089900000|  0%| F|  |TAMS 0x0000000089800000, 0x0000000089800000| Untracked 
| 103|0x0000000089900000, 0x0000000089900000, 0x0000000089a00000|  0%| F|  |TAMS 0x0000000089900000, 0x0000000089900000| Untracked 
| 104|0x0000000089a00000, 0x0000000089a00000, 0x0000000089b00000|  0%| F|  |TAMS 0x0000000089a00000, 0x0000000089a00000| Untracked 
| 105|0x0000000089b00000, 0x0000000089b00000, 0x0000000089c00000|  0%| F|  |TAMS 0x0000000089b00000, 0x0000000089b00000| Untracked 
| 106|0x0000000089c00000, 0x0000000089c00000, 0x0000000089d00000|  0%| F|  |TAMS 0x0000000089c00000, 0x0000000089c00000| Untracked 
| 107|0x0000000089d00000, 0x0000000089d00000, 0x0000000089e00000|  0%| F|  |TAMS 0x0000000089d00000, 0x0000000089d00000| Untracked 
| 108|0x0000000089e00000, 0x0000000089e00000, 0x0000000089f00000|  0%| F|  |TAMS 0x0000000089e00000, 0x0000000089e00000| Untracked 
| 109|0x0000000089f00000, 0x0000000089f00000, 0x000000008a000000|  0%| F|  |TAMS 0x0000000089f00000, 0x0000000089f00000| Untracked 
| 110|0x000000008a000000, 0x000000008a000000, 0x000000008a100000|  0%| F|  |TAMS 0x000000008a000000, 0x000000008a000000| Untracked 
| 111|0x000000008a100000, 0x000000008a100000, 0x000000008a200000|  0%| F|  |TAMS 0x000000008a100000, 0x000000008a100000| Untracked 
| 112|0x000000008a200000, 0x000000008a200000, 0x000000008a300000|  0%| F|  |TAMS 0x000000008a200000, 0x000000008a200000| Untracked 
| 113|0x000000008a300000, 0x000000008a300000, 0x000000008a400000|  0%| F|  |TAMS 0x000000008a300000, 0x000000008a300000| Untracked 
| 114|0x000000008a400000, 0x000000008a400000, 0x000000008a500000|  0%| F|  |TAMS 0x000000008a400000, 0x000000008a400000| Untracked 
| 115|0x000000008a500000, 0x000000008a500000, 0x000000008a600000|  0%| F|  |TAMS 0x000000008a500000, 0x000000008a500000| Untracked 
| 116|0x000000008a600000, 0x000000008a600000, 0x000000008a700000|  0%| F|  |TAMS 0x000000008a600000, 0x000000008a600000| Untracked 
| 117|0x000000008a700000, 0x000000008a700000, 0x000000008a800000|  0%| F|  |TAMS 0x000000008a700000, 0x000000008a700000| Untracked 
| 118|0x000000008a800000, 0x000000008a800000, 0x000000008a900000|  0%| F|  |TAMS 0x000000008a800000, 0x000000008a800000| Untracked 
| 119|0x000000008a900000, 0x000000008a900000, 0x000000008aa00000|  0%| F|  |TAMS 0x000000008a900000, 0x000000008a900000| Untracked 
| 120|0x000000008aa00000, 0x000000008aa00000, 0x000000008ab00000|  0%| F|  |TAMS 0x000000008aa00000, 0x000000008aa00000| Untracked 
| 121|0x000000008ab00000, 0x000000008ab00000, 0x000000008ac00000|  0%| F|  |TAMS 0x000000008ab00000, 0x000000008ab00000| Untracked 
| 122|0x000000008ac00000, 0x000000008ac00000, 0x000000008ad00000|  0%| F|  |TAMS 0x000000008ac00000, 0x000000008ac00000| Untracked 
| 123|0x000000008ad00000, 0x000000008ad00000, 0x000000008ae00000|  0%| F|  |TAMS 0x000000008ad00000, 0x000000008ad00000| Untracked 
| 124|0x000000008ae00000, 0x000000008af00000, 0x000000008af00000|100%| E|  |TAMS 0x000000008ae00000, 0x000000008ae00000| Complete 
| 125|0x000000008af00000, 0x000000008b000000, 0x000000008b000000|100%| E|CS|TAMS 0x000000008af00000, 0x000000008af00000| Complete 

Card table byte_map: [0x0000020774190000,0x0000020774580000] _byte_map_base: 0x0000020773d77000

Marking Bits (Prev, Next): (CMBitMap*) 0x000002075a6c2c88, (CMBitMap*) 0x000002075a6c2cc0
 Prev Bits: [0x0000020774970000, 0x00000207768a8000)
 Next Bits: [0x00000207768b0000, 0x00000207787e8000)

Polling page: 0x000002075a760000

Metaspace:

Usage:
  Non-class:     13.74 MB capacity,    13.42 MB ( 98%) used,   275.19 KB (  2%) free+waste,    57.25 KB ( <1%) overhead. 
      Class:      1.81 MB capacity,     1.57 MB ( 87%) used,   211.38 KB ( 11%) free+waste,    29.06 KB (  2%) overhead. 
       Both:     15.55 MB capacity,    14.99 MB ( 96%) used,   486.57 KB (  3%) free+waste,    86.31 KB ( <1%) overhead. 

Virtual space:
  Non-class space:       14.00 MB reserved,      13.75 MB ( 98%) committed 
      Class space:        1.00 GB reserved,       1.88 MB ( <1%) committed 
             Both:        1.01 GB reserved,      15.63 MB (  2%) committed 

Chunk freelists:
   Non-Class:  768 bytes
       Class:  512 bytes
        Both:  1.25 KB

CodeHeap 'non-profiled nmethods': size=120000Kb used=421Kb max_used=421Kb free=119579Kb
 bounds [0x000002076be10000, 0x000002076c080000, 0x0000020773340000]
CodeHeap 'profiled nmethods': size=120000Kb used=2508Kb max_used=2508Kb free=117491Kb
 bounds [0x00000207648e0000, 0x0000020764b60000, 0x000002076be10000]
CodeHeap 'non-nmethods': size=5760Kb used=1112Kb max_used=1129Kb free=4647Kb
 bounds [0x0000020764340000, 0x00000207645b0000, 0x00000207648e0000]
 total_blobs=1789 nmethods=1377 adapters=323
 compilation: enabled
              stopped_count=0, restarted_count=0
 full_count=0

Compilation events (10 events):
Event: 1.154 Thread 0x000002077bb65800 1375       3       java.lang.ClassLoader::defineClassSourceLocation (28 bytes)
Event: 1.154 Thread 0x000002077bb65800 nmethod 1375 0x0000020764b51890 code [0x0000020764b51a60, 0x0000020764b51dc8]
Event: 1.155 Thread 0x000002077bcff800 nmethod 1366 0x000002076be76a90 code [0x000002076be76c20, 0x000002076be76db8]
Event: 1.155 Thread 0x000002077bcff800 1364       4       java.util.jar.JarFile::getEntry (22 bytes)
Event: 1.156 Thread 0x000002077bb65800 1376       3       jdk.internal.loader.BuiltinClassLoader::loadClassOrNull (7 bytes)
Event: 1.156 Thread 0x000002077bb65800 nmethod 1376 0x0000020764b51f90 code [0x0000020764b52140, 0x0000020764b522e8]
Event: 1.158 Thread 0x000002077bb65800 1377       3       java.lang.ClassLoader::postDefineClass (39 bytes)
Event: 1.158 Thread 0x000002077bb65800 nmethod 1377 0x0000020764b52390 code [0x0000020764b52580, 0x0000020764b52898]
Event: 1.158 Thread 0x000002077bb65800 1378       3       java.lang.ClassLoader::getNamedPackage (73 bytes)
Event: 1.159 Thread 0x000002077bb65800 nmethod 1378 0x0000020764b52a10 code [0x0000020764b52c00, 0x0000020764b53128]

GC Heap History (2 events):
Event: 1.110 GC heap before
{Heap before GC invocations=0 (full 0):
 garbage-first heap   total 129024K, used 24576K [0x0000000083200000, 0x0000000100000000)
  region size 1024K, 24 young (24576K), 0 survivors (0K)
 Metaspace       used 14492K, capacity 15126K, committed 15232K, reserved 1062912K
  class space    used 1564K, capacity 1820K, committed 1920K, reserved 1048576K
}
Event: 1.120 GC heap after
{Heap after GC invocations=1 (full 0):
 garbage-first heap   total 129024K, used 7960K [0x0000000083200000, 0x0000000100000000)
  region size 1024K, 3 young (3072K), 3 survivors (3072K)
 Metaspace       used 14492K, capacity 15126K, committed 15232K, reserved 1062912K
  class space    used 1564K, capacity 1820K, committed 1920K, reserved 1048576K
}

Deoptimization events (10 events):
Event: 0.465 Thread 0x000002075a687000 Uncommon trap: reason=unstable_if action=reinterpret pc=0x000002076be23920 method=java.util.HashMap.putVal(ILjava/lang/Object;Ljava/lang/Object;ZZ)Ljava/lang/Object; @ 181 c2
Event: 0.556 Thread 0x000002075a687000 Uncommon trap: reason=unstable_if action=reinterpret pc=0x000002076be32d80 method=java.io.WinNTFileSystem.isSlash(C)Z @ 9 c2
Event: 0.890 Thread 0x000002075a687000 Uncommon trap: reason=unstable_if action=reinterpret pc=0x000002076be1b578 method=java.lang.String.isLatin1()Z @ 10 c2
Event: 0.891 Thread 0x000002075a687000 Uncommon trap: reason=unstable_if action=reinterpret pc=0x000002076be310e4 method=java.lang.CharacterData.of(I)Ljava/lang/CharacterData; @ 4 c2
Event: 0.893 Thread 0x000002075a687000 Uncommon trap: reason=unstable_if action=reinterpret pc=0x000002076be192f8 method=java.lang.String.isLatin1()Z @ 10 c2
Event: 0.958 Thread 0x000002075a687000 Uncommon trap: reason=unstable_if action=reinterpret pc=0x000002076be553b0 method=sun.reflect.generics.parser.SignatureParser.current()C @ 39 c2
Event: 0.972 Thread 0x000002075a687000 Uncommon trap: reason=unstable_if action=reinterpret pc=0x000002076be4dcfc method=jdk.internal.org.objectweb.asm.Type.getArgumentsAndReturnSizes(Ljava/lang/String;)I @ 136 c2
Event: 1.025 Thread 0x000002075a687000 Uncommon trap: reason=bimorphic_or_optimized_type_check action=maybe_recompile pc=0x000002076be45084 method=java.util.HashMap.getNode(ILjava/lang/Object;)Ljava/util/HashMap$Node; @ 126 c2
Event: 1.025 Thread 0x000002075a687000 Uncommon trap: reason=bimorphic_or_optimized_type_check action=maybe_recompile pc=0x000002076be45084 method=java.util.HashMap.getNode(ILjava/lang/Object;)Ljava/util/HashMap$Node; @ 126 c2
Event: 1.122 Thread 0x000002077bb5a000 Uncommon trap: reason=unstable_if action=reinterpret pc=0x000002076be1b228 method=java.lang.String.equals(Ljava/lang/Object;)Z @ 27 c2

Classes redefined (0 events):
No events

Internal exceptions (10 events):
Event: 0.882 Thread 0x000002075a687000 Exception <a 'java/lang/IncompatibleClassChangeError'{0x0000000089ee7dc8}: Found class java.lang.Object, but interface was expected> (0x0000000089ee7dc8) thrown at [./open/src/hotspot/share/interpreter/linkResolver.cpp, line 838]
Event: 0.915 Thread 0x000002075a687000 Exception <a 'java/lang/NoSuchMethodError'{0x0000000089dc8698}: java.lang.invoke.DirectMethodHandle$Holder.invokeStaticInit(Ljava/lang/Object;)V> (0x0000000089dc8698) thrown at [./open/src/hotspot/share/interpreter/linkResolver.cpp, line 772]
Event: 0.944 Thread 0x000002075a687000 Exception <a 'java/lang/NoSuchMethodError'{0x0000000089c24770}: java.lang.invoke.DirectMethodHandle$Holder.invokeStatic(Ljava/lang/Object;Ljava/lang/Object;Ljava/lang/Object;Ljava/lang/Object;Ljava/lang/Object;Ljava/lang/Object;)V> (0x0000000089c24770) th
Event: 0.946 Thread 0x000002075a687000 Exception <a 'java/lang/NoSuchMethodError'{0x0000000089c358f8}: java.lang.invoke.DirectMethodHandle$Holder.invokeInterface(Ljava/lang/Object;Ljava/lang/Object;)I> (0x0000000089c358f8) thrown at [./open/src/hotspot/share/interpreter/linkResolver.cpp, line 
Event: 0.946 Thread 0x000002075a687000 Exception <a 'java/lang/IncompatibleClassChangeError'{0x0000000089c38938}: Found class java.lang.Object, but interface was expected> (0x0000000089c38938) thrown at [./open/src/hotspot/share/interpreter/linkResolver.cpp, line 838]
Event: 0.973 Thread 0x000002075a687000 Exception <a 'java/lang/NoSuchMethodError'{0x0000000089cad0b0}: java.lang.invoke.DirectMethodHandle$Holder.invokeStatic(Ljava/lang/Object;Ljava/lang/Object;Ljava/lang/Object;Ljava/lang/Object;Ljava/lang/Object;Ljava/lang/Object;Ljava/lang/Object;Ljava/lan
Event: 0.975 Thread 0x000002075a687000 Exception <a 'java/lang/NoSuchMethodError'{0x0000000089ccb9f0}: java.lang.invoke.DirectMethodHandle$Holder.invokeStatic(Ljava/lang/Object;Ljava/lang/Object;Ljava/lang/Object;Ljava/lang/Object;Ljava/lang/Object;Ljava/lang/Object;Ljava/lang/Object;Ljava/lan
Event: 0.977 Thread 0x000002075a687000 Exception <a 'java/lang/NoSuchMethodError'{0x0000000089ceb2a0}: java.lang.invoke.DirectMethodHandle$Holder.invokeStatic(Ljava/lang/Object;Ljava/lang/Object;Ljava/lang/Object;Ljava/lang/Object;Ljava/lang/Object;Ljava/lang/Object;Ljava/lang/Object;Ljava/lan
Event: 0.978 Thread 0x000002075a687000 Exception <a 'java/lang/NoSuchMethodError'{0x0000000089b0c990}: java.lang.invoke.DirectMethodHandle$Holder.invokeStatic(Ljava/lang/Object;Ljava/lang/Object;Ljava/lang/Object;Ljava/lang/Object;Ljava/lang/Object;Ljava/lang/Object;Ljava/lang/Object;Ljava/lan
Event: 0.993 Thread 0x000002075a687000 Exception <a 'java/lang/NoSuchMethodError'{0x0000000089b6a330}: java.lang.invoke.DirectMethodHandle$Holder.invokeStatic(Ljava/lang/Object;Ljava/lang/Object;Ljava/lang/Object;Ljava/lang/Object;Ljava/lang/Object;)V> (0x0000000089b6a330) thrown at [./open/sr

Events (10 events):
Event: 1.146 loading class oracle/jdbc/OracleCallableStatement
Event: 1.146 loading class oracle/jdbc/OracleCallableStatement done
Event: 1.148 loading class oracle/jdbc/OraclePreparedStatement
Event: 1.148 loading class oracle/jdbc/OraclePreparedStatement done
Event: 1.149 loading class oracle/jdbc/OracleStatement
Event: 1.149 loading class oracle/jdbc/OracleStatement done
Event: 1.155 loading class oracle/jdbc/internal/OraclePreparedStatement
Event: 1.155 loading class oracle/jdbc/internal/OraclePreparedStatement done
Event: 1.156 loading class oracle/jdbc/internal/OracleStatement
Event: 1.156 loading class oracle/jdbc/internal/OracleStatement done


Dynamic libraries:
0x00007ff63f4e0000 - 0x00007ff63f4ef000 	C:\Program Files\Java\jdk-11.0.12\bin\java.exe
0x00007ffb798a0000 - 0x00007ffb79aa9000 	C:\Windows\SYSTEM32\ntdll.dll
0x00007ffb77dc0000 - 0x00007ffb77e7e000 	C:\Windows\System32\KERNEL32.DLL
0x00007ffb76e90000 - 0x00007ffb7720c000 	C:\Windows\System32\KERNELBASE.dll
0x00007ffb76d70000 - 0x00007ffb76e81000 	C:\Windows\System32\ucrtbase.dll
0x00007ffb64820000 - 0x00007ffb64838000 	C:\Program Files\Java\jdk-11.0.12\bin\jli.dll
0x00007ffb641e0000 - 0x00007ffb641f5000 	C:\Program Files\Java\jdk-11.0.12\bin\VCRUNTIME140.dll
0x00007ffb79650000 - 0x00007ffb796fe000 	C:\Windows\System32\ADVAPI32.dll
0x00007ffb79790000 - 0x00007ffb79833000 	C:\Windows\System32\msvcrt.dll
0x00007ffb78f90000 - 0x00007ffb7902e000 	C:\Windows\System32\sechost.dll
0x00007ffb77b00000 - 0x00007ffb77c20000 	C:\Windows\System32\RPCRT4.dll
0x00007ffb791e0000 - 0x00007ffb7938d000 	C:\Windows\System32\USER32.dll
0x00007ffb6f470000 - 0x00007ffb6f715000 	C:\Windows\WinSxS\amd64_microsoft.windows.common-controls_6595b64144ccf1df_6.0.22000.120_none_9d947278b86cc467\COMCTL32.dll
0x00007ffb77500000 - 0x00007ffb77526000 	C:\Windows\System32\win32u.dll
0x00007ffb79510000 - 0x00007ffb79539000 	C:\Windows\System32\GDI32.dll
0x00007ffb773e0000 - 0x00007ffb774f8000 	C:\Windows\System32\gdi32full.dll
0x00007ffb77210000 - 0x00007ffb772ad000 	C:\Windows\System32\msvcp_win.dll
0x00007ffb6ff30000 - 0x00007ffb6ff3a000 	C:\Windows\SYSTEM32\VERSION.dll
0x00007ffb78380000 - 0x00007ffb783b2000 	C:\Windows\System32\IMM32.DLL
0x00007ffb4cda0000 - 0x00007ffb4ce3b000 	C:\Program Files\Java\jdk-11.0.12\bin\msvcp140.dll
0x00007ffb0c360000 - 0x00007ffb0ce5f000 	C:\Program Files\Java\jdk-11.0.12\bin\server\jvm.dll
0x00007ffb791d0000 - 0x00007ffb791d8000 	C:\Windows\System32\PSAPI.DLL
0x00007ffb6ebd0000 - 0x00007ffb6ebd9000 	C:\Windows\SYSTEM32\WSOCK32.dll
0x00007ffb78310000 - 0x00007ffb7837f000 	C:\Windows\System32\WS2_32.dll
0x00007ffb74a80000 - 0x00007ffb74ab3000 	C:\Windows\SYSTEM32\WINMM.dll
0x00007ffb75e40000 - 0x00007ffb75e58000 	C:\Windows\SYSTEM32\kernel.appcore.dll
0x00007ffb71010000 - 0x00007ffb71020000 	C:\Program Files\Java\jdk-11.0.12\bin\verify.dll
0x00007ffb74470000 - 0x00007ffb74691000 	C:\Windows\SYSTEM32\DBGHELP.DLL
0x00007ffb63800000 - 0x00007ffb63831000 	C:\Windows\SYSTEM32\dbgcore.DLL
0x00007ffb77530000 - 0x00007ffb775af000 	C:\Windows\System32\bcryptPrimitives.dll
0x00007ffb65e70000 - 0x00007ffb65e98000 	C:\Program Files\Java\jdk-11.0.12\bin\java.dll
0x00007ffb71000000 - 0x00007ffb7100a000 	C:\Program Files\Java\jdk-11.0.12\bin\jimage.dll
0x00007ffb65e40000 - 0x00007ffb65e4e000 	C:\Program Files\Java\jdk-11.0.12\bin\instrument.dll
0x00007ffb6ebb0000 - 0x00007ffb6ebc6000 	C:\Program Files\Java\jdk-11.0.12\bin\zip.dll
0x00007ffb787c0000 - 0x00007ffb78f85000 	C:\Windows\System32\SHELL32.dll
0x00007ffb74e20000 - 0x00007ffb75685000 	C:\Windows\SYSTEM32\windows.storage.dll
0x00007ffb78440000 - 0x00007ffb787b8000 	C:\Windows\System32\combase.dll
0x00007ffb74cb0000 - 0x00007ffb74e16000 	C:\Windows\SYSTEM32\wintypes.dll
0x00007ffb79560000 - 0x00007ffb7964a000 	C:\Windows\System32\SHCORE.dll
0x00007ffb77a90000 - 0x00007ffb77aed000 	C:\Windows\System32\shlwapi.dll
0x00007ffb76ca0000 - 0x00007ffb76cc1000 	C:\Windows\SYSTEM32\profapi.dll
0x00007ffb65470000 - 0x00007ffb65489000 	C:\Program Files\Java\jdk-11.0.12\bin\net.dll
0x00007ffb71800000 - 0x00007ffb71914000 	C:\Windows\SYSTEM32\WINHTTP.dll
0x00007ffb76380000 - 0x00007ffb763e7000 	C:\Windows\system32\mswsock.dll
0x00007ffb65450000 - 0x00007ffb65462000 	C:\Program Files\Java\jdk-11.0.12\bin\nio.dll
0x00007ffb63370000 - 0x00007ffb6338a000 	C:\Program Files\JetBrains\IntelliJ IDEA 2022.3\bin\breakgen64.dll
0x00007ffb65b50000 - 0x00007ffb65b59000 	C:\Program Files\Java\jdk-11.0.12\bin\management.dll
0x00007ffb64e60000 - 0x00007ffb64e6b000 	C:\Program Files\Java\jdk-11.0.12\bin\management_ext.dll

dbghelp: loaded successfully - version: 4.0.5 - missing functions: none
symbol engine: initialized successfully - sym options: 0x614 - pdb path: .;C:\Program Files\Java\jdk-11.0.12\bin;C:\Windows\SYSTEM32;C:\Windows\WinSxS\amd64_microsoft.windows.common-controls_6595b64144ccf1df_6.0.22000.120_none_9d947278b86cc467;C:\Program Files\Java\jdk-11.0.12\bin\server;C:\Program Files\JetBrains\IntelliJ IDEA 2022.3\bin

VM Arguments:
jvm_args: -ea -Duser.language=en -Didea.test.cyclic.buffer.size=1048576 -javaagent:C:\Program Files\JetBrains\IntelliJ IDEA 2022.3\lib\idea_rt.jar=57583:C:\Program Files\JetBrains\IntelliJ IDEA 2022.3\bin -Dfile.encoding=UTF-8 
java_command: com.intellij.rt.junit.JUnitStarter -ideVersion5 -junit5 com.cydeo.Day_6.spartanPojoGetRequestTest,oneSapartanPojo
java_class_path (initial): C:\Users\musta\.m2\repository\org\junit\platform\junit-platform-launcher\1.7.2\junit-platform-launcher-1.7.2.jar;C:\Program Files\JetBrains\IntelliJ IDEA 2022.3\lib\idea_rt.jar;C:\Program Files\JetBrains\IntelliJ IDEA 2022.3\plugins\junit\lib\junit5-rt.jar;C:\Program Files\JetBrains\IntelliJ IDEA 2022.3\plugins\junit\lib\junit-rt.jar;C:\Users\musta\IdeaProjects\B26restAssureBaz\target\classes;C:\Users\musta\.m2\repository\org\junit\jupiter\junit-jupiter\5.7.2\junit-jupiter-5.7.2.jar;C:\Users\musta\.m2\repository\org\junit\jupiter\junit-jupiter-api\5.7.2\junit-jupiter-api-5.7.2.jar;C:\Users\musta\.m2\repository\org\apiguardian\apiguardian-api\1.1.0\apiguardian-api-1.1.0.jar;C:\Users\musta\.m2\repository\org\opentest4j\opentest4j\1.2.0\opentest4j-1.2.0.jar;C:\Users\musta\.m2\repository\org\junit\platform\junit-platform-commons\1.7.2\junit-platform-commons-1.7.2.jar;C:\Users\musta\.m2\repository\org\junit\jupiter\junit-jupiter-params\5.7.2\junit-jupiter-params-5.7.2.jar;C:\Users\musta\.m2\repository\org\junit\jupiter\junit-jupiter-engine\5.7.2\junit-jupiter-engine-5.7.2.jar;C:\Users\musta\.m2\repository\org\junit\platform\junit-platform-engine\1.7.2\junit-platform-engine-1.7.2.jar;C:\Users\musta\.m2\repository\io\rest-assured\rest-assured\4.4.0\rest-assured-4.4.0.jar;C:\Users\musta\.m2\repository\org\codehaus\groovy\groovy\3.0.8\groovy-3.0.8.jar;C:\Users\musta\.m2\repository\org\codehaus\groovy\groovy-xml\3.0.8\groovy-xml-3.0.8.jar;C:\Users\musta\.m2\repository\org\apache\httpcomponents\httpclient\4.5.13\httpclient-4.5.13.jar;C:\Users\musta\.m2\repository\org\apache\httpcomponents\httpcore\4.4.13\httpcore-4.4.13.jar;C:\Users\musta\.m2\repository\commons-logging\commons-logging\1.2\commons-logging-1.2.jar;C:\Users\musta\.m2\repository\org\apache\httpcomponents\httpmime\4.5.13\httpmime-4.5.13.jar;C:\Users\musta\.m2\repository\org\hamcrest\hamcrest\2.1\hamcrest-2.1.jar;C:\Users\musta\.m2\repository\org\ccil\cowan\tagsoup\tagsoup\1.2.1\tagsoup-
Launcher Type: SUN_STANDARD

[Global flags]
     intx CICompilerCount                          = 4                                         {product} {ergonomic}
     uint ConcGCThreads                            = 2                                         {product} {ergonomic}
     uint G1ConcRefinementThreads                  = 8                                         {product} {ergonomic}
   size_t G1HeapRegionSize                         = 1048576                                   {product} {ergonomic}
    uintx GCDrainStackTargetSize                   = 64                                        {product} {ergonomic}
   size_t InitialHeapSize                          = 132120576                                 {product} {ergonomic}
   size_t MarkStackSize                            = 4194304                                   {product} {ergonomic}
   size_t MaxHeapSize                              = 2095054848                                {product} {ergonomic}
   size_t MaxNewSize                               = 1256194048                                {product} {ergonomic}
   size_t MinHeapDeltaBytes                        = 1048576                                   {product} {ergonomic}
    uintx NonNMethodCodeHeapSize                   = 5836300                                {pd product} {ergonomic}
    uintx NonProfiledCodeHeapSize                  = 122910970                              {pd product} {ergonomic}
    uintx ProfiledCodeHeapSize                     = 122910970                              {pd product} {ergonomic}
    uintx ReservedCodeCacheSize                    = 251658240                              {pd product} {ergonomic}
     bool SegmentedCodeCache                       = true                                      {product} {ergonomic}
     bool UseCompressedClassPointers               = true                                 {lp64_product} {ergonomic}
     bool UseCompressedOops                        = true                                 {lp64_product} {ergonomic}
     bool UseG1GC                                  = true                                      {product} {ergonomic}
     bool UseLargePagesIndividualAllocation        = false                                  {pd product} {ergonomic}

Logging:
Log output configuration:
 #0: stdout all=warning uptime,level,tags
 #1: stderr all=off uptime,level,tags

Environment Variables:
JAVA_HOME=C:\Program Files\Java\jdk-11.0.12\bin
PATH=C:\Program Files\Common Files\Oracle\Java\javapath;C:\Program Files (x86)\Common Files\Oracle\Java\javapath;C:\Windows\System32\HWAudioDriverLibs;C:\Windows\system32;C:\Windows;C:\Windows\System32\Wbem;C:\Windows\System32\WindowsPowerShell\v1.0\;C:\Windows\System32\OpenSSH\;C:\Users\Administrator\AppData\Local\Microsoft\WindowsApps;C:\Program Files\Java\jdk-11.0.12\bin;C:\Program Files\Git\cmd;C:\Program Files\Java\jdk-11.0.12\bin;"C:\Users\musta\AppData\Local\Microsoft\WindowsApps;C:\Program Files\Java\jdk-18.0.1.1\bin;C:\Program Files\Java\jre1.8.0_333\bin";C:\Users\musta\AppData\Local\JetBrains\IntelliJ IDEA 2022.2.1\bin;;C:\Users\musta\AppData\Local\JetBrains\Toolbox\scripts;C:\Program Files\Java\jdk-11.0.12\bin;C:\Users\musta\AppData\Local\GitHubDesktop\bin
USERNAME=musta
OS=Windows_NT
PROCESSOR_IDENTIFIER=Intel64 Family 6 Model 140 Stepping 1, GenuineIntel



---------------  S Y S T E M  ---------------

OS: Windows 10 , 64 bit Build 22000 (10.0.22000.1516)
Hyper-V role detected

CPU:total 8 (initial active 8) (4 cores per cpu, 2 threads per core) family 6 model 140 stepping 1 microcode 0x8a, cmov, cx8, fxsr, mmx, sse, sse2, sse3, ssse3, sse4.1, sse4.2, popcnt, avx, avx2, aes, clmul, erms, 3dnowpref, lzcnt, ht, tsc, tscinvbit, bmi1, bmi2, adx, evex, sha, fma

Memory: 4k page, system-wide physical 7991M (489M free)
TotalPageFile size 21144M (AvailPageFile size 2M)
current process WorkingSet (physical memory assigned to process): 91M, peak: 91M
current process commit charge ("private bytes"): 228M, peak: 228M

vm_info: Java HotSpot(TM) 64-Bit Server VM (11.0.12+8-LTS-237) for windows-amd64 JRE (11.0.12+8-LTS-237), built on Jun  8 2021 11:25:59 by "mach5one" with MS VC++ 15.9 (VS2017)

END.
